Starting migration...
Skip images: false
Category map: {
  'plaetzchen-kekse-und-kleingebaeck': '7jTcWEh1Elc2GduF7w5OsY',
  'kuchen-und-muffins': '7vQnmb95hQS420BVO5yVyj',
  'flaumiges-hefegebaeck': '3FfQUgEXvvKCpcwQvezwTU',
  'torten-und-toertchen': 'iord6UrbmdZt0ZZ9UnLus',
  'cake-pops': '14wAsyhDSaUEArNaUO7FiQ',
  hochzeitstorten: '5w7G5yLsZQ7qeoD9jgxyQv'
}
Fetched 249 Contentful entries

── Fixing "and" -> "und" slugs ──

── Deleting removed cakes ──

── Creating new cakes ──

── Updating missing teasers ──

── Uploading missing images ──
  IMAGES: "Eierlikör-Espresso-Torte" (CF: 0, Live: 4)
    Uploading 1644693344_FBC23E87-91DA-40FF-AC6F-7EEC9032A407...
    Uploading 1644693345_18E63FB3-6CAC-4EC6-8F91-59FB28B1BA92...
    Uploading 1738424946_IMG_6985...
    Uploading 1723196993_IMG_0090...
  IMAGES: "Käseküchlein mit Mandel-Zuckerkruste" (CF: 0, Live: 2)
    Uploading 1621806211_5953123C-27E7-4779-83A6-2C8F7CE10703...
    Uploading 1621806229_560F2B87-C840-46F5-86D9-8CB68780445C...
  IMAGES: "Blätterteig-Spekulatius-Teilchen" (CF: 0, Live: 3)
    Uploading 1622067191_1D4123F7-9451-4797-BF72-41C75C058BD1...
    Uploading 1622067211_0E77DE5F-8DEF-4962-9A8D-DC1533919285...
    Uploading 1640347503_26151B5B-7E3D-4D4A-BAE6-D26F9D0EAE9A...
  IMAGES: "Gefüllte Marmeladenplätzchen" (CF: 0, Live: 11)
    Uploading 1622153454_DB934D5F-F83E-4CA0-A10D-3E456045615A...
    Uploading 1622153479_83092496-B8AF-4253-967A-7B04636BEEBF...
    Uploading 1622153500_8D8F92B7-1951-46B2-A380-16E95D0AC846...
    Uploading 1636585082_A6C46F60-7729-4361-8952-817B1E40571D...
    Uploading 1637401782_BDD6A336-AC4D-497E-9386-D35E2D1D26F8...
    Uploading 1637683054_9013EF52-7813-4E27-92F5-E6CB2511E236...
    Uploading 1638179902_73B72E27-9856-4ECE-92AE-6DB80967DCF0...
    Uploading 1667994130_9516914D-AEEE-4563-B4BA-666E6E843A50...
    Uploading 1731343230_IMG_4221...
    Uploading 1765884848_IMG_8146...
    Uploading 1765884849_IMG_8142...
  IMAGES: "Gefüllte Kakaokugeln mit Haselnüssen" (CF: 0, Live: 4)
    Uploading 1622239792_8062CB55-DED0-4B74-8830-F7FE62544B79...
    Uploading 1622239823_6AA4AF0C-D901-4DA7-A78C-D3D05DABCEB4...
    Uploading 1635932793_13CC9295-DF81-4048-A59A-27DA92D1298A...
    Uploading 1667046365_46165A6C-206F-49C7-AC85-EEA8F2CC32D5...
  IMAGES: "Aprikosenwölkchen" (CF: 0, Live: 1)
    Uploading 1765884996_IMG_8164...
  IMAGES: "Mandel-Cranberry-Taler" (CF: 0, Live: 4)
    Uploading 1635932491_BC59BBD9-7639-4747-906E-E0C7DC7416B1...
    Uploading 1667994038_A705AAA2-AE76-4108-BECF-586643D2378D...
    Uploading 1730542643_IMG_3867...
    Uploading 1763974389_IMG_7104...
  IMAGES: "Nougat Cake Pops" (CF: 0, Live: 3)
    Uploading 1661594610_F0BC17AD-E2B9-4A8D-A223-0D95350E7F88...
    Uploading 1778146569_IMG_5171...
    Uploading 1683635251_IMG_7207...
  IMAGES: "Black Mint Cranberry Crossies" (CF: 0, Live: 1)
    Uploading 1638021047_6C2C148D-FDC9-44D5-AB09-8D9E14A98332...
  IMAGES: "White Cranberry Crossies" (CF: 0, Live: 5)
    Uploading 1638022018_18912705-3023-409C-A1BF-A05E3BC43AC1...
    Uploading 1638022018_D82B698B-04B3-40B6-8E3E-F2680963272C...
    Uploading 1667994086_F4F3AD21-EB19-4695-8966-D3C55880C9FB...
    Uploading 1698250848_IMG_1255...
    Uploading 1731343184_IMG_4176...
  IMAGES: "Oreo-Schokoladentorte" (CF: 3, Live: 4)
    Uploading 1740165344_IMG_7753...
    Uploading 1762791816_IMG_6528...
    Uploading 1777193269_IMG_4570...
    Uploading 1723212689_IMG_0098...
  IMAGES: "Mozart-Torte" (CF: 0, Live: 6)
    Uploading 1679250242_4C1A7389-A282-433F-B00C-0926E8F6D604...
    Uploading 1735285495_IMG_5993...
    Uploading 1746291916_IMG_9885...
    Uploading 1770490614_IMG_1063...
    Uploading 1770490615_IMG_1055...
    Uploading 1679250243_9E713028-CF27-4E67-99FB-078287132674...
  IMAGES: "Beeren-Schokoladen-Torte" (CF: 0, Live: 6)
    Uploading 1649543124_96FA8353-FAC1-4404-BB4D-CE59E1056E1D...
    Uploading 1747743531_IMG_0662...
    Uploading 1769858365_IMG_2138...
    Uploading 1772358774_IMG_2161...
    Uploading 1772358776_IMG_2165...
    Uploading 1756313454_IMG_4003...
  IMAGES: "Hochzeitstorte à la Mousse au Chocolat" (CF: 0, Live: 7)
    Uploading 1686997283_IMG_7972...
    Uploading 1686387374_IMG_7877...
    Uploading 1691229979_IMG_9227...
    Uploading 1701602093_C049B5F1-8872-4A3C-BD49-8C3BEA171CA8...
    Uploading 1749915363_IMG_1484...
    Uploading 1681469235_575290D8-5286-42C5-A902-01FF86FFC8BB...
    Uploading 1746430395_IMG_9927...
  IMAGES: "Choco Peanut Cheesecake" (CF: 0, Live: 2)
    Uploading 1660998470_EE043EAB-1FB1-4F6F-B07B-346F1F9DED4F...
    Uploading 1654341518_E1C8F7D6-029F-450D-9769-8997EB8135E9...
  IMAGES: "Hochzeitstorte „Blumenwiese“" (CF: 0, Live: 4)
    Uploading 1654342274_6504F194-A98D-4F77-A826-8D4524E35067...
    Uploading 1658565330_B9DD0FD1-2091-4C16-BDA9-F6FEAEF9D7C7...
    Uploading 1746123115_IMG_9796...
    Uploading 1746087962_IMG_0691...
  IMAGES: "Mango-Kokos-Cupcakes" (CF: 1, Live: 2)
    Uploading 1777801979_IMG_4986...
    Uploading 1758437513_IMG_4982...
  IMAGES: "Einschulungs-Torte" (CF: 0, Live: 8)
    Uploading 1662466857_2A8E9FC0-D362-4891-992F-4CFCF8D5811C...
    Uploading 1694793252_IMG_0460...
    Uploading 1724751047_IMG_1005...
    Uploading 1724751048_IMG_0986...
    Uploading 1724751049_IMG_1001...
    Uploading 1755589150_IMG_3604...
    Uploading 1755610537_IMG_3653...
    Uploading 1755610522_IMG_3639...
  IMAGES: "Torte in Fischform" (CF: 11, Live: 12)
    Uploading 1683372641_IMG_7133...
    Uploading 1712410462_IMG_5635...
    Uploading 1717924534_6206D2D1-B54A-476B-A4D1-CD8DC470DE3C...
    Uploading 1718462250_IMG_8209...
    Uploading 1719763963_IMG_8575...
    Uploading 1724574124_IMG_0830...
    Uploading 1731168315_IMG_4091...
    Uploading 1749316322_IMG_1349...
    Uploading 1776591258_IMG_4096...
    Uploading 1776591259_IMG_4096...
    Uploading 1777800970_IMG_4941...
    Uploading 1745685133_IMG_9613...
  IMAGES: "Hochzeitstorte „Beerentraum“" (CF: 0, Live: 9)
    Uploading 1694709548_IMG_0422...
    Uploading 1692450793_IMG_9608...
    Uploading 1693594308_IMG_0046...
    Uploading 1683895050_IMG_7242...
    Uploading 1719596883_IMG_8546...
    Uploading 1726305459_IMG_2029...
    Uploading 1746087733_IMG_9584...
    Uploading 1755269592_IMG_3398...
    Uploading 1754070141_IMG_2898...
  IMAGES: "Himbeer-Biskuitrolle" (CF: 0, Live: 1)
    Uploading 1684676003_IMG_7502...
  IMAGES: "Kleine feine Hochzeitstorte" (CF: 13, Live: 14)
    Uploading 1693049200_IMG_9759...
    Uploading 1715973035_IMG_6982...
    Uploading 1723196874_IMG_0087...
    Uploading 1723298473_E8FD655F-0323-472A-8522-95598C680191...
    Uploading 1729947153_IMG_3617...
    Uploading 1733990616_IMG_5327...
    Uploading 1744467884_IMG_9185...
    Uploading 1744467884_IMG_8632...
    Uploading 1745566591_IMG_9522...
    Uploading 1746083289_IMG_9724...
    Uploading 1747743565_IMG_0662...
    Uploading 1777018882_IMG_4403...
    Uploading 1778146732_IMG_5216...
    Uploading 1733565259_IMG_5164...
  IMAGES: "Tropical-Cocktail-Torte" (CF: 0, Live: 6)
    Uploading 1695487911_IMG_0680...
    Uploading 1716049662_IMG_7094...
    Uploading 1749236439_IMG_1222...
    Uploading 1768386599_IMG_0368...
    Uploading 1769885905_IMG_5582...
    Uploading 1742748387_IMG_8461...
  IMAGES: "Gender Reveal Torte" (CF: 2, Live: 4)
    Uploading 1734982696_IMG_5700...
    Uploading 1778146907_IMG_4676...
    Uploading 1778146908_IMG_4670...
    Uploading 1778146938_IMG_4674...
  IMAGES: "Kreuz-Torte" (CF: 4, Live: 6)
    Uploading 1716024167_IMG_7065...
    Uploading 1760259728_IMG_5662...
    Uploading 1760259728_IMG_5653...
    Uploading 1777801920_IMG_4994...
    Uploading 1777801921_IMG_5015...
  Cloudinary upload error: {"error":{"message":"Resource not found - https://franzis-fabelhafte-toertchen.de/storage/uploads/1777801921_IMG_5015.jpeg"}}
    Uploading 1760259725_IMG_5661...
  IMAGES: "Black & Gold" (CF: 0, Live: 3)
    Uploading 1740125935_IMG_7726...
    Uploading 1754762749_IMG_3214...
    Uploading 1717263921_E9913A28-24FD-482E-9065-6A4047677076...
  IMAGES: "Choco Cupcakes" (CF: 4, Live: 5)
    Uploading 1717857813_6621133D-1BAD-44CA-89BB-71DA1F25CDA9...
    Uploading 1765885200_IMG_8199...
    Uploading 1765885202_IMG_8201...
    Uploading 1777802096_IMG_4964...
    Uploading 1772274054_IMG_2113...
  IMAGES: "Fußball-Torte 2.0" (CF: 0, Live: 2)
    Uploading 1719731378_IMG_8632...
    Uploading 1726997478_F7A5E25C-6F70-4676-AA13-CA7705FC1450...
  IMAGES: "Apfel-Cupcakes „Fantakuchen“" (CF: 0, Live: 1)
    Uploading 1720531052_IMG_9111...
  IMAGES: "Vintage-Torte" (CF: 14, Live: 15)
    Uploading 1744390817_IMG_9158...
    Uploading 1747556950_IMG_0536...
    Uploading 1769340640_IMG_0236...
    Uploading 1769340641_IMG_0224...
    Uploading 1769340642_IMG_0217...
    Uploading 1771578404_IMG_1627...
    Uploading 1771578405_IMG_1632...
    Uploading 1772827026_IMG_2506...
    Uploading 1772827028_IMG_2502...
    Uploading 1774087941_IMG_2926...
    Uploading 1775295903_IMG_3396...
    Uploading 1775295905_IMG_3387...
    Uploading 1775295918_IMG_3399...
    Uploading 1777020129_IMG_4366...
    Uploading 1769340643_IMG_0203...
  IMAGES: "Dreistöckige Hochzeitstorte mit Trockenblumen" (CF: 0, Live: 1)
    Uploading 1726902772_IMG_2289...
  IMAGES: "Vintage-Cake R.I.P." (CF: 0, Live: 3)
    Uploading 1728721885_IMG_3125...
    Uploading 1754215898_IMG_2772...
    Uploading 1757703226_IMG_4556...
  IMAGES: "White & Gold Torte" (CF: 0, Live: 7)
    Uploading 1729947469_IMG_3617...
    Uploading 1734983242_IMG_5297...
    Uploading 1744467825_IMG_8632...
    Uploading 1757004272_IMG_4252...
    Uploading 1762449180_IMG_6423...
    Uploading 1762449181_IMG_6415...
    Uploading 1762449148_IMG_6411...
  IMAGES: "Cupcake-Variation auf Étagêre" (CF: 0, Live: 1)
    Uploading 1729956818_IMG_3623...
  IMAGES: "„Wild One“-Torte" (CF: 0, Live: 2)
    Uploading 1751381930_IMG_2071...
    Uploading 1764700984_IMG_7353...
  IMAGES: "Einhorn-Torte" (CF: 0, Live: 1)
    Uploading 1743617932_IMG_8742...
  IMAGES: "Green & Silver Hochzeitstorte" (CF: 0, Live: 3)
    Uploading 1736099017_IMG_6192...
    Uploading 1736099018_IMG_6191...
    Uploading 1754070417_IMG_2854...
  IMAGES: "White & Gold Hochzeitstorte" (CF: 0, Live: 3)
    Uploading 1736592542_IMG_6335...
    Uploading 1744468041_IMG_8632...
    Uploading 1750917473_IMG_1866...
  IMAGES: "Black, Gold & Silver Cake" (CF: 0, Live: 2)
    Uploading 1739557964_IMG_7525...
    Uploading 1744094965_IMG_9005...
  IMAGES: "Green & Gold" (CF: 0, Live: 1)
    Uploading 1739638347_IMG_7561...
  IMAGES: "Cupcake-Variationen" (CF: 0, Live: 8)
    Uploading 1742112114_IMG_8332...
    Uploading 1758437936_IMG_4982...
    Uploading 1758437936_IMG_4726...
    Uploading 1758437937_IMG_4721...
    Uploading 1758437938_IMG_4347...
    Uploading 1758437939_IMG_4339...
    Uploading 1758437940_IMG_4315...
    Uploading 1758437941_IMG_3752...
  IMAGES: "Black & Gold 2.0" (CF: 0, Live: 8)
    Uploading 1743180372_IMG_8564...
    Uploading 1761839242_IMG_6204...
    Uploading 1761839243_IMG_6205...
    Uploading 1761839244_IMG_6193...
    Uploading 1770111457_IMG_0698...
    Uploading 1770111459_IMG_0702...
    Uploading 1770111461_IMG_0694...
    Uploading 1770111458_IMG_0684...
  IMAGES: "Butterfly Cake" (CF: 4, Live: 7)
    Uploading 1745431758_IMG_9490...
    Uploading 1747987329_IMG_0761...
    Uploading 1748194692_IMG_0878...
    Uploading 1755423143_IMG_3515...
    Uploading 1777713016_IMG_4897...
    Uploading 1777713017_IMG_4884...
    Uploading 1777713016_IMG_4872...
  IMAGES: "Bueno-Torte" (CF: 3, Live: 5)
    Uploading 1755076463_IMG_3309...
    Uploading 1772132985_IMG_1957...
    Uploading 1777664837_IMG_4758...
    Uploading 1777664838_IMG_4784...
    Uploading 1746304136_IMG_9908...
  IMAGES: "Yellow & Blue" (CF: 0, Live: 1)
    Uploading 1750788882_8FB5D023-B967-4B70-9D55-7516D34BB4BE...
  IMAGES: "Hochzeitstorte Black & White" (CF: 0, Live: 2)
    Uploading 1752914562_IMG_2575...
    Uploading 1758303692_IMG_4900...
  IMAGES: "White & Clean Wedding Cake" (CF: 0, Live: 4)
    Uploading 1755663820_IMG_3681...
    Uploading 1777019055_IMG_4422...
    Uploading 1777019055_IMG_4412...
    Uploading 1777019054_IMG_4403...
  IMAGES: "Hochzeitstorte mit Kürbis & Co." (CF: 0, Live: 1)
    Uploading 1760777517_IMG_5793...
  IMAGES: "Orange Cake Pops" (CF: 0, Live: 1)
    Uploading 1760777750_IMG_5818...
  IMAGES: "Torte mit Herzchen" (CF: 12, Live: 14)
    Uploading 1763395870_IMG_6788...
    Uploading 1765017829_IMG_7584...
    Uploading 1766427633_IMG_8423...
    Uploading 1766427634_IMG_8405...
    Uploading 1766427634_IMG_8421...
    Uploading 1766427635_IMG_8391...
    Uploading 1771578325_IMG_1656...
    Uploading 1771578326_IMG_1664...
    Uploading 1775759881_IMG_3670...
    Uploading 1775759882_IMG_3653...
    Uploading 1775759883_IMG_3648...
    Uploading 1775759884_IMG_3662...
    Uploading 1777019185_IMG_4320...
    Uploading 1777019186_IMG_4324...
  IMAGES: "80s & 90s Revival Cake" (CF: 0, Live: 3)
    Uploading 1765018339_IMG_7740...
    Uploading 1765018341_IMG_7741...
    Uploading 1765018342_IMG_7729...
  IMAGES: "Black & Silver Cake" (CF: 0, Live: 4)
    Uploading 1765277807_IMG_7861...
    Uploading 1770489437_IMG_0781...
    Uploading 1770489437_IMG_0779...
    Uploading 1770489438_IMG_0769...
  IMAGES: "Geburtstagstorte für Zwillinge" (CF: 0, Live: 3)
    Uploading 1765884797_IMG_8258...
    Uploading 1765884798_IMG_8253...
    Uploading 1765884800_IMG_8245...
  IMAGES: "Weihnachtstorte mit Orange & Zitrone" (CF: 0, Live: 1)
    Uploading 1766606442_IMG_8582...
  IMAGES: "Birthday Queen‘s Cake" (CF: 0, Live: 3)
    Uploading 1771943878_IMG_1909...
    Uploading 1771943879_IMG_1902...
    Uploading 1771943880_IMG_1891...
  IMAGES: "Silver & Blue Cake" (CF: 0, Live: 3)
    Uploading 1773132447_IMG_2673...
    Uploading 1773132448_IMG_2679...
    Uploading 1773132446_IMG_2669...
  IMAGES: "Coconut Cupcakes" (CF: 0, Live: 1)
    Uploading 1776155071_IMG_3830...
  IMAGES: "Frühlingstorte" (CF: 0, Live: 4)
    Uploading 1777020074_IMG_4251...
    Uploading 1777020076_IMG_4258...
    Uploading 1777020084_IMG_4239...
    Uploading 1777020086_IMG_4246...
  IMAGES: "Erdbeer Cake Pops mit Minze" (CF: 0, Live: 3)
    Uploading 1777111816_IMG_4435...
    Uploading 1777111818_IMG_4438...
    Uploading 1777111814_IMG_4443...
  IMAGES: "Lemon Cupcakes mit Pistaziencreme und Erdbeer-Topping" (CF: 0, Live: 2)
    Uploading 1777112007_IMG_4484...
    Uploading 1777112008_IMG_4493...
  IMAGES: "Vanille Cupcakes mit Karamellcreme und Chai-Topping" (CF: 0, Live: 1)
    Uploading 1777112216_IMG_4505...
  IMAGES: "Blue Ombré Konfirmationstorte" (CF: 0, Live: 3)
    Uploading 1777712912_IMG_4856...
    Uploading 1777712913_IMG_4855...
    Uploading 1777712909_IMG_4864...
  IMAGES: "Vanille Cake Pops" (CF: 0, Live: 1)
    Uploading 1778147478_IMG_5171...
  IMAGES: "White Flower Cake" (CF: 0, Live: 4)
    Uploading 1778147726_IMG_5206...
    Uploading 1778147727_IMG_5220...
    Uploading 1778147729_IMG_5205...
    Uploading 1778147728_IMG_5216...

── Summary  ──
  Slugs fixed (and->und): 0
  Entries deleted: 0
  Entries created: 0
  Teasers updated: 0
  Images updated: 64
  Errors: 0
