Found 242 cake entries
  Coconut Cupcakes
    coconut-cupcakes- -> coconut-cupcakes
  Silver & Blue Cake
    silver-&-blue-cake -> silver-und-blue-cake
  Birthday Queen‘s Cake
    birthday-queen‘s-cake -> birthday-queens-cake
  Weihnachtstorte mit Orange & Zitrone
    weihnachtstorte-mit-orange-&-zitrone -> weihnachtstorte-mit-orange-und-zitrone
  Geburtstagstorte für Zwillinge
    geburtstagstorte-fuer-zwillinge- -> geburtstagstorte-fuer-zwillinge
  Black & Silver Cake
    black-&-silver-cake -> black-und-silver-cake
  80s & 90s Revival Cake
    80s-&-90s-revival-cake -> 80s-und-90s-revival-cake
  Orange Cake Pops
    orange-cake-pops- -> orange-cake-pops
  Hochzeitstorte mit Kürbis & Co.
    hochzeitstorte-mit-kuerbis-&-co. -> hochzeitstorte-mit-kuerbis-und-co
  White & Clean Wedding Cake
    white-&-clean-wedding-cake -> white-und-clean-wedding-cake
  Hochzeitstorte Black & White
    hochzeitstorte-black-&-white -> hochzeitstorte-black-und-white
  Yellow & Blue
    yellow-&-blue -> yellow-und-blue
  Black & Gold 2.0
    black-&-gold-2.0 -> black-und-gold-2-0
  Cupcake-Variationen
    cupcake-variationen- -> cupcake-variationen
  Green & Gold
    green-&-gold- -> green-und-gold
  Black, Gold & Silver Cake
    black,-gold-&-silver-cake -> black-gold-und-silver-cake
  White & Gold Hochzeitstorte
    white-&-gold-hochzeitstorte -> white-und-gold-hochzeitstorte
  Green & Silver Hochzeitstorte
    green-&-silver-hochzeitstorte -> green-und-silver-hochzeitstorte
  Einhorn-Torte
    einhorn-torte- -> einhorn-torte
  „Wild One“-Torte
    „wild-one“-torte -> wild-one-torte
  Cupcake-Variation auf Étagêre
    cupcake-variation-auf-etagêre -> cupcake-variation-auf-etagere
  White & Gold Torte
    white-&-gold-torte -> white-und-gold-torte
  Vintage-Cake R.I.P.
    vintage-cake-r.i.p. -> vintage-cake-r-i-p
  Dreistöckige Hochzeitstorte mit Trockenblumen
    dreistoeckige-hochzeitstorte-mit-trockenblumen- -> dreistoeckige-hochzeitstorte-mit-trockenblumen
  Apfel-Cupcakes „Fantakuchen“
    apfel-cupcakes-„fantakuchen“ -> apfel-cupcakes-fantakuchen
  Fußball-Torte 2.0
    fussball-torte-2.0 -> fussball-torte-2-0
  Black & Gold
    black-&-gold -> black-und-gold
  Tropical-Cocktail-Torte
    tropical-cocktail-torte- -> tropical-cocktail-torte
  Himbeer-Biskuitrolle
    himbeer-biskuitrolle- -> himbeer-biskuitrolle
  Hochzeitstorte „Beerentraum“
    hochzeitstorte-„beerentraum“ -> hochzeitstorte-beerentraum
  Einschulungs-Torte
    einschulungs-torte- -> einschulungs-torte
  Hochzeitstorte „Blumenwiese“
    hochzeitstorte-„blumenwiese“ -> hochzeitstorte-blumenwiese
  Choco Peanut Cheesecake
    choco-peanut-cheesecake- -> choco-peanut-cheesecake
  Hochzeitstorte à la Mousse au Chocolat
    hochzeitstorte-a-la-mousse-au-chocolat- -> hochzeitstorte-a-la-mousse-au-chocolat
  Beeren-Schokoladen-Torte
    beeren-schokoladen-torte- -> beeren-schokoladen-torte
  Mozart-Torte
    mozart-torte- -> mozart-torte
  White Cranberry Crossies
    white-cranberry-crossies- -> white-cranberry-crossies
  Black Mint Cranberry Crossies
    black-mint-cranberry-crossies- -> black-mint-cranberry-crossies
  Nougat Cake Pops mit Marzipan
    nougat-cake-pops-mit-marzipan- -> nougat-cake-pops-mit-marzipan
  Mandel-Cranberry-Taler
    mandel -cranberry-taler -> mandel-cranberry-taler
  Aprikosenwölkchen
    aprikosenwölkchen -> aprikosenwoelkchen
  Gefüllte Kakaokugeln mit Haselnüssen
    gefuellte-kakaokugeln-mit-haselnüssen -> gefuellte-kakaokugeln-mit-haselnuessen
  Gefüllte Marmeladenplätzchen
    gefuellte-marmeladenplätzchen -> gefuellte-marmeladenplaetzchen
  Blätterteig-Spekulatius-Teilchen
    blätterteig-spekulatius-teilchen -> blaetterteig-spekulatius-teilchen
  Käseküchlein mit Mandel-Zuckerkruste
    käseküchlein-mit-mandel-zuckerkruste -> kaesekuechlein-mit-mandel-zuckerkruste
  Eierlikör-Espresso-Torte
    eierlikör-espresso-torte -> eierlikoer-espresso-torte

Done: 46 updated, 196 unchanged
